{"C:\\Users\\Maria.Dias.HOMLABNOT001235\\Documents\\Unirio\\PM\\Equipamento\\src\\app.ts": {"path":"C:\\Users\\Maria.Dias.HOMLABNOT001235\\Documents\\Unirio\\PM\\Equipamento\\src\\app.ts","statementMap":{"0":{"start":{"line":2,"column":0},"end":{"line":2,"column":30}},"1":{"start":{"line":3,"column":0},"end":{"line":3,"column":46}},"2":{"start":{"line":5,"column":0},"end":{"line":5,"column":34}},"3":{"start":{"line":7,"column":12},"end":{"line":7,"column":21}},"4":{"start":{"line":8,"column":0},"end":{"line":8,"column":28}},"5":{"start":{"line":10,"column":13},"end":{"line":10,"column":70}},"6":{"start":{"line":12,"column":0},"end":{"line":14,"column":3}},"7":{"start":{"line":13,"column":2},"end":{"line":13,"column":46}},"8":{"start":{"line":16,"column":13},"end":{"line":18,"column":3}},"9":{"start":{"line":17,"column":2},"end":{"line":17,"column":46}},"10":{"start":{"line":20,"column":0},"end":{"line":20,"column":24}},"11":{"start":{"line":22,"column":0},"end":{"line":22,"column":16}}},"fnMap":{"0":{"name":"(anonymous_1)","decl":{"start":{"line":12,"column":13},"end":{"line":12,"column":14}},"loc":{"start":{"line":12,"column":26},"end":{"line":14,"column":1}}},"1":{"name":"(anonymous_2)","decl":{"start":{"line":16,"column":39},"end":{"line":16,"column":42}},"loc":{"start":{"line":16,"column":44},"end":{"line":18,"column":1}}}},"branchMap":{},"s":{"0":1,"1":1,"2":1,"3":1,"4":1,"5":1,"6":1,"7":1,"8":1,"9":1,"10":1,"11":1},"f":{"0":1,"1":1},"b":{}}
,"C:\\Users\\Maria.Dias.HOMLABNOT001235\\Documents\\Unirio\\PM\\Equipamento\\src\\controllers\\bike.controller.ts": {"path":"C:\\Users\\Maria.Dias.HOMLABNOT001235\\Documents\\Unirio\\PM\\Equipamento\\src\\controllers\\bike.controller.ts","statementMap":{"0":{"start":{"line":5,"column":0},"end":{"line":5,"column":null}},"1":{"start":{"line":13,"column":0},"end":{"line":13,"column":null}},"2":{"start":{"line":22,"column":0},"end":{"line":22,"column":44}},"3":{"start":{"line":24,"column":25},"end":{"line":34,"column":1}},"4":{"start":{"line":28,"column":2},"end":{"line":33,"column":null}},"5":{"start":{"line":29,"column":18},"end":{"line":29,"column":34}},"6":{"start":{"line":30,"column":4},"end":{"line":30,"column":26}},"7":{"start":{"line":32,"column":4},"end":{"line":32,"column":35}},"8":{"start":{"line":24,"column":13},"end":{"line":24,"column":25}},"9":{"start":{"line":36,"column":24},"end":{"line":52,"column":1}},"10":{"start":{"line":40,"column":2},"end":{"line":51,"column":null}},"11":{"start":{"line":41,"column":19},"end":{"line":41,"column":29}},"12":{"start":{"line":43,"column":17},"end":{"line":43,"column":34}},"13":{"start":{"line":44,"column":4},"end":{"line":46,"column":null}},"14":{"start":{"line":45,"column":6},"end":{"line":45,"column":45}},"15":{"start":{"line":48,"column":4},"end":{"line":48,"column":25}},"16":{"start":{"line":50,"column":4},"end":{"line":50,"column":35}},"17":{"start":{"line":36,"column":13},"end":{"line":36,"column":24}},"18":{"start":{"line":54,"column":27},"end":{"line":71,"column":1}},"19":{"start":{"line":58,"column":2},"end":{"line":70,"column":null}},"20":{"start":{"line":59,"column":19},"end":{"line":59,"column":29}},"21":{"start":{"line":61,"column":17},"end":{"line":61,"column":37}},"22":{"start":{"line":63,"column":4},"end":{"line":65,"column":null}},"23":{"start":{"line":64,"column":6},"end":{"line":64,"column":45}},"24":{"start":{"line":67,"column":4},"end":{"line":67,"column":25}},"25":{"start":{"line":69,"column":4},"end":{"line":69,"column":35}},"26":{"start":{"line":54,"column":13},"end":{"line":54,"column":27}},"27":{"start":{"line":73,"column":28},"end":{"line":96,"column":1}},"28":{"start":{"line":77,"column":47},"end":{"line":77,"column":55}},"29":{"start":{"line":79,"column":2},"end":{"line":88,"column":null}},"30":{"start":{"line":80,"column":4},"end":{"line":80,"column":54}},"31":{"start":{"line":81,"column":9},"end":{"line":88,"column":null}},"32":{"start":{"line":87,"column":4},"end":{"line":87,"column":45}},"33":{"start":{"line":90,"column":2},"end":{"line":95,"column":null}},"34":{"start":{"line":91,"column":17},"end":{"line":91,"column":67}},"35":{"start":{"line":92,"column":4},"end":{"line":92,"column":30}},"36":{"start":{"line":94,"column":4},"end":{"line":94,"column":35}},"37":{"start":{"line":73,"column":13},"end":{"line":73,"column":28}},"38":{"start":{"line":98,"column":26},"end":{"line":127,"column":1}},"39":{"start":{"line":102,"column":17},"end":{"line":102,"column":27}},"40":{"start":{"line":103,"column":47},"end":{"line":103,"column":55}},"41":{"start":{"line":105,"column":2},"end":{"line":114,"column":null}},"42":{"start":{"line":106,"column":4},"end":{"line":106,"column":54}},"43":{"start":{"line":107,"column":9},"end":{"line":114,"column":null}},"44":{"start":{"line":113,"column":4},"end":{"line":113,"column":45}},"45":{"start":{"line":116,"column":2},"end":{"line":126,"column":null}},"46":{"start":{"line":117,"column":17},"end":{"line":117,"column":72}},"47":{"start":{"line":119,"column":4},"end":{"line":121,"column":null}},"48":{"start":{"line":120,"column":6},"end":{"line":120,"column":45}},"49":{"start":{"line":123,"column":4},"end":{"line":123,"column":25}},"50":{"start":{"line":125,"column":4},"end":{"line":125,"column":35}},"51":{"start":{"line":98,"column":13},"end":{"line":98,"column":26}},"52":{"start":{"line":129,"column":28},"end":{"line":150,"column":1}},"53":{"start":{"line":133,"column":23},"end":{"line":133,"column":33}},"54":{"start":{"line":135,"column":2},"end":{"line":137,"column":null}},"55":{"start":{"line":136,"column":4},"end":{"line":136,"column":45}},"56":{"start":{"line":139,"column":2},"end":{"line":149,"column":null}},"57":{"start":{"line":140,"column":17},"end":{"line":140,"column":49}},"58":{"start":{"line":142,"column":4},"end":{"line":144,"column":null}},"59":{"start":{"line":143,"column":6},"end":{"line":143,"column":45}},"60":{"start":{"line":146,"column":4},"end":{"line":146,"column":25}},"61":{"start":{"line":148,"column":4},"end":{"line":148,"column":35}},"62":{"start":{"line":129,"column":13},"end":{"line":129,"column":28}}},"fnMap":{"0":{"name":"(anonymous_0)","decl":{"start":{"line":24,"column":25},"end":{"line":24,"column":30}},"loc":{"start":{"line":27,"column":25},"end":{"line":34,"column":1}}},"1":{"name":"(anonymous_1)","decl":{"start":{"line":36,"column":24},"end":{"line":36,"column":29}},"loc":{"start":{"line":39,"column":25},"end":{"line":52,"column":1}}},"2":{"name":"(anonymous_2)","decl":{"start":{"line":54,"column":27},"end":{"line":54,"column":32}},"loc":{"start":{"line":57,"column":25},"end":{"line":71,"column":1}}},"3":{"name":"(anonymous_3)","decl":{"start":{"line":73,"column":28},"end":{"line":73,"column":33}},"loc":{"start":{"line":76,"column":25},"end":{"line":96,"column":1}}},"4":{"name":"(anonymous_4)","decl":{"start":{"line":98,"column":26},"end":{"line":98,"column":31}},"loc":{"start":{"line":101,"column":25},"end":{"line":127,"column":1}}},"5":{"name":"(anonymous_5)","decl":{"start":{"line":129,"column":28},"end":{"line":129,"column":33}},"loc":{"start":{"line":132,"column":25},"end":{"line":150,"column":1}}}},"branchMap":{"0":{"loc":{"start":{"line":44,"column":4},"end":{"line":46,"column":null}},"type":"if","locations":[{"start":{"line":44,"column":4},"end":{"line":46,"column":null}}]},"1":{"loc":{"start":{"line":63,"column":4},"end":{"line":65,"column":null}},"type":"if","locations":[{"start":{"line":63,"column":4},"end":{"line":65,"column":null}}]},"2":{"loc":{"start":{"line":79,"column":2},"end":{"line":88,"column":null}},"type":"if","locations":[{"start":{"line":79,"column":2},"end":{"line":88,"column":null}},{"start":{"line":81,"column":9},"end":{"line":88,"column":null}}]},"3":{"loc":{"start":{"line":79,"column":6},"end":{"line":79,"column":48}},"type":"binary-expr","locations":[{"start":{"line":79,"column":6},"end":{"line":79,"column":12}},{"start":{"line":79,"column":16},"end":{"line":79,"column":22}},{"start":{"line":79,"column":26},"end":{"line":79,"column":31}},{"start":{"line":79,"column":35},"end":{"line":79,"column":48}}]},"4":{"loc":{"start":{"line":81,"column":9},"end":{"line":88,"column":null}},"type":"if","locations":[{"start":{"line":81,"column":9},"end":{"line":88,"column":null}}]},"5":{"loc":{"start":{"line":82,"column":4},"end":{"line":85,"column":28}},"type":"binary-expr","locations":[{"start":{"line":82,"column":4},"end":{"line":82,"column":29}},{"start":{"line":83,"column":4},"end":{"line":83,"column":29}},{"start":{"line":84,"column":4},"end":{"line":84,"column":36}},{"start":{"line":85,"column":4},"end":{"line":85,"column":28}}]},"6":{"loc":{"start":{"line":105,"column":2},"end":{"line":114,"column":null}},"type":"if","locations":[{"start":{"line":105,"column":2},"end":{"line":114,"column":null}},{"start":{"line":107,"column":9},"end":{"line":114,"column":null}}]},"7":{"loc":{"start":{"line":105,"column":6},"end":{"line":105,"column":48}},"type":"binary-expr","locations":[{"start":{"line":105,"column":6},"end":{"line":105,"column":12}},{"start":{"line":105,"column":16},"end":{"line":105,"column":22}},{"start":{"line":105,"column":26},"end":{"line":105,"column":31}},{"start":{"line":105,"column":35},"end":{"line":105,"column":48}}]},"8":{"loc":{"start":{"line":107,"column":9},"end":{"line":114,"column":null}},"type":"if","locations":[{"start":{"line":107,"column":9},"end":{"line":114,"column":null}}]},"9":{"loc":{"start":{"line":108,"column":4},"end":{"line":111,"column":28}},"type":"binary-expr","locations":[{"start":{"line":108,"column":4},"end":{"line":108,"column":29}},{"start":{"line":109,"column":4},"end":{"line":109,"column":29}},{"start":{"line":110,"column":4},"end":{"line":110,"column":36}},{"start":{"line":111,"column":4},"end":{"line":111,"column":28}}]},"10":{"loc":{"start":{"line":119,"column":4},"end":{"line":121,"column":null}},"type":"if","locations":[{"start":{"line":119,"column":4},"end":{"line":121,"column":null}}]},"11":{"loc":{"start":{"line":135,"column":2},"end":{"line":137,"column":null}},"type":"if","locations":[{"start":{"line":135,"column":2},"end":{"line":137,"column":null}}]},"12":{"loc":{"start":{"line":142,"column":4},"end":{"line":144,"column":null}},"type":"if","locations":[{"start":{"line":142,"column":4},"end":{"line":144,"column":null}}]}},"s":{"0":1,"1":1,"2":1,"3":1,"4":0,"5":0,"6":0,"7":0,"8":1,"9":1,"10":0,"11":0,"12":0,"13":0,"14":0,"15":0,"16":0,"17":1,"18":1,"19":0,"20":0,"21":0,"22":0,"23":0,"24":0,"25":0,"26":1,"27":1,"28":0,"29":0,"30":0,"31":0,"32":0,"33":0,"34":0,"35":0,"36":0,"37":1,"38":1,"39":0,"40":0,"41":0,"42":0,"43":0,"44":0,"45":0,"46":0,"47":0,"48":0,"49":0,"50":0,"51":1,"52":1,"53":0,"54":0,"55":0,"56":0,"57":0,"58":0,"59":0,"60":0,"61":0,"62":1},"f":{"0":0,"1":0,"2":0,"3":0,"4":0,"5":0},"b":{"0":[0],"1":[0],"2":[0,0],"3":[0,0,0,0],"4":[0],"5":[0,0,0,0],"6":[0,0],"7":[0,0,0,0],"8":[0],"9":[0,0,0,0],"10":[0],"11":[0],"12":[0]}}
,"C:\\Users\\Maria.Dias.HOMLABNOT001235\\Documents\\Unirio\\PM\\Equipamento\\src\\controllers\\lock.controller.ts": {"path":"C:\\Users\\Maria.Dias.HOMLABNOT001235\\Documents\\Unirio\\PM\\Equipamento\\src\\controllers\\lock.controller.ts","statementMap":{"0":{"start":{"line":6,"column":0},"end":{"line":6,"column":null}},"1":{"start":{"line":14,"column":0},"end":{"line":14,"column":null}},"2":{"start":{"line":23,"column":0},"end":{"line":23,"column":44}},"3":{"start":{"line":25,"column":28},"end":{"line":47,"column":1}},"4":{"start":{"line":29,"column":40},"end":{"line":29,"column":48}},"5":{"start":{"line":31,"column":2},"end":{"line":39,"column":null}},"6":{"start":{"line":32,"column":4},"end":{"line":32,"column":54}},"7":{"start":{"line":33,"column":9},"end":{"line":39,"column":null}},"8":{"start":{"line":38,"column":4},"end":{"line":38,"column":45}},"9":{"start":{"line":41,"column":2},"end":{"line":46,"column":null}},"10":{"start":{"line":42,"column":17},"end":{"line":42,"column":60}},"11":{"start":{"line":43,"column":4},"end":{"line":43,"column":30}},"12":{"start":{"line":45,"column":4},"end":{"line":45,"column":35}},"13":{"start":{"line":25,"column":13},"end":{"line":25,"column":28}},"14":{"start":{"line":49,"column":25},"end":{"line":59,"column":1}},"15":{"start":{"line":53,"column":2},"end":{"line":58,"column":null}},"16":{"start":{"line":54,"column":18},"end":{"line":54,"column":34}},"17":{"start":{"line":55,"column":4},"end":{"line":55,"column":26}},"18":{"start":{"line":57,"column":4},"end":{"line":57,"column":35}},"19":{"start":{"line":49,"column":13},"end":{"line":49,"column":25}},"20":{"start":{"line":61,"column":24},"end":{"line":77,"column":1}},"21":{"start":{"line":65,"column":2},"end":{"line":76,"column":null}},"22":{"start":{"line":66,"column":19},"end":{"line":66,"column":29}},"23":{"start":{"line":68,"column":17},"end":{"line":68,"column":34}},"24":{"start":{"line":69,"column":4},"end":{"line":71,"column":null}},"25":{"start":{"line":70,"column":6},"end":{"line":70,"column":45}},"26":{"start":{"line":73,"column":4},"end":{"line":73,"column":25}},"27":{"start":{"line":75,"column":4},"end":{"line":75,"column":35}},"28":{"start":{"line":61,"column":13},"end":{"line":61,"column":24}},"29":{"start":{"line":79,"column":26},"end":{"line":107,"column":1}},"30":{"start":{"line":83,"column":17},"end":{"line":83,"column":27}},"31":{"start":{"line":84,"column":40},"end":{"line":84,"column":48}},"32":{"start":{"line":86,"column":2},"end":{"line":94,"column":null}},"33":{"start":{"line":87,"column":4},"end":{"line":87,"column":54}},"34":{"start":{"line":88,"column":9},"end":{"line":94,"column":null}},"35":{"start":{"line":93,"column":4},"end":{"line":93,"column":45}},"36":{"start":{"line":96,"column":2},"end":{"line":106,"column":null}},"37":{"start":{"line":97,"column":17},"end":{"line":97,"column":65}},"38":{"start":{"line":99,"column":4},"end":{"line":101,"column":null}},"39":{"start":{"line":100,"column":6},"end":{"line":100,"column":45}},"40":{"start":{"line":103,"column":4},"end":{"line":103,"column":25}},"41":{"start":{"line":105,"column":4},"end":{"line":105,"column":35}},"42":{"start":{"line":79,"column":13},"end":{"line":79,"column":26}},"43":{"start":{"line":109,"column":27},"end":{"line":126,"column":1}},"44":{"start":{"line":113,"column":2},"end":{"line":125,"column":null}},"45":{"start":{"line":114,"column":19},"end":{"line":114,"column":29}},"46":{"start":{"line":116,"column":17},"end":{"line":116,"column":37}},"47":{"start":{"line":118,"column":4},"end":{"line":120,"column":null}},"48":{"start":{"line":119,"column":6},"end":{"line":119,"column":45}},"49":{"start":{"line":122,"column":4},"end":{"line":122,"column":25}},"50":{"start":{"line":124,"column":4},"end":{"line":124,"column":35}},"51":{"start":{"line":109,"column":13},"end":{"line":109,"column":27}},"52":{"start":{"line":128,"column":32},"end":{"line":149,"column":1}},"53":{"start":{"line":132,"column":23},"end":{"line":132,"column":33}},"54":{"start":{"line":134,"column":2},"end":{"line":136,"column":null}},"55":{"start":{"line":135,"column":4},"end":{"line":135,"column":45}},"56":{"start":{"line":138,"column":2},"end":{"line":148,"column":null}},"57":{"start":{"line":139,"column":17},"end":{"line":139,"column":49}},"58":{"start":{"line":141,"column":4},"end":{"line":143,"column":null}},"59":{"start":{"line":142,"column":6},"end":{"line":142,"column":45}},"60":{"start":{"line":145,"column":4},"end":{"line":145,"column":25}},"61":{"start":{"line":147,"column":4},"end":{"line":147,"column":35}},"62":{"start":{"line":128,"column":13},"end":{"line":128,"column":32}}},"fnMap":{"0":{"name":"(anonymous_0)","decl":{"start":{"line":25,"column":28},"end":{"line":25,"column":33}},"loc":{"start":{"line":28,"column":25},"end":{"line":47,"column":1}}},"1":{"name":"(anonymous_1)","decl":{"start":{"line":49,"column":25},"end":{"line":49,"column":30}},"loc":{"start":{"line":52,"column":25},"end":{"line":59,"column":1}}},"2":{"name":"(anonymous_2)","decl":{"start":{"line":61,"column":24},"end":{"line":61,"column":29}},"loc":{"start":{"line":64,"column":25},"end":{"line":77,"column":1}}},"3":{"name":"(anonymous_3)","decl":{"start":{"line":79,"column":26},"end":{"line":79,"column":31}},"loc":{"start":{"line":82,"column":25},"end":{"line":107,"column":1}}},"4":{"name":"(anonymous_4)","decl":{"start":{"line":109,"column":27},"end":{"line":109,"column":32}},"loc":{"start":{"line":112,"column":25},"end":{"line":126,"column":1}}},"5":{"name":"(anonymous_5)","decl":{"start":{"line":128,"column":32},"end":{"line":128,"column":37}},"loc":{"start":{"line":131,"column":25},"end":{"line":149,"column":1}}}},"branchMap":{"0":{"loc":{"start":{"line":31,"column":2},"end":{"line":39,"column":null}},"type":"if","locations":[{"start":{"line":31,"column":2},"end":{"line":39,"column":null}},{"start":{"line":33,"column":9},"end":{"line":39,"column":null}}]},"1":{"loc":{"start":{"line":31,"column":6},"end":{"line":31,"column":38}},"type":"binary-expr","locations":[{"start":{"line":31,"column":6},"end":{"line":31,"column":12}},{"start":{"line":31,"column":16},"end":{"line":31,"column":21}},{"start":{"line":31,"column":25},"end":{"line":31,"column":38}}]},"2":{"loc":{"start":{"line":33,"column":9},"end":{"line":39,"column":null}},"type":"if","locations":[{"start":{"line":33,"column":9},"end":{"line":39,"column":null}}]},"3":{"loc":{"start":{"line":34,"column":4},"end":{"line":36,"column":28}},"type":"binary-expr","locations":[{"start":{"line":34,"column":4},"end":{"line":34,"column":29}},{"start":{"line":35,"column":4},"end":{"line":35,"column":36}},{"start":{"line":36,"column":4},"end":{"line":36,"column":28}}]},"4":{"loc":{"start":{"line":69,"column":4},"end":{"line":71,"column":null}},"type":"if","locations":[{"start":{"line":69,"column":4},"end":{"line":71,"column":null}}]},"5":{"loc":{"start":{"line":86,"column":2},"end":{"line":94,"column":null}},"type":"if","locations":[{"start":{"line":86,"column":2},"end":{"line":94,"column":null}},{"start":{"line":88,"column":9},"end":{"line":94,"column":null}}]},"6":{"loc":{"start":{"line":86,"column":6},"end":{"line":86,"column":38}},"type":"binary-expr","locations":[{"start":{"line":86,"column":6},"end":{"line":86,"column":12}},{"start":{"line":86,"column":16},"end":{"line":86,"column":21}},{"start":{"line":86,"column":25},"end":{"line":86,"column":38}}]},"7":{"loc":{"start":{"line":88,"column":9},"end":{"line":94,"column":null}},"type":"if","locations":[{"start":{"line":88,"column":9},"end":{"line":94,"column":null}}]},"8":{"loc":{"start":{"line":89,"column":4},"end":{"line":91,"column":28}},"type":"binary-expr","locations":[{"start":{"line":89,"column":4},"end":{"line":89,"column":29}},{"start":{"line":90,"column":4},"end":{"line":90,"column":36}},{"start":{"line":91,"column":4},"end":{"line":91,"column":28}}]},"9":{"loc":{"start":{"line":99,"column":4},"end":{"line":101,"column":null}},"type":"if","locations":[{"start":{"line":99,"column":4},"end":{"line":101,"column":null}}]},"10":{"loc":{"start":{"line":118,"column":4},"end":{"line":120,"column":null}},"type":"if","locations":[{"start":{"line":118,"column":4},"end":{"line":120,"column":null}}]},"11":{"loc":{"start":{"line":134,"column":2},"end":{"line":136,"column":null}},"type":"if","locations":[{"start":{"line":134,"column":2},"end":{"line":136,"column":null}}]},"12":{"loc":{"start":{"line":141,"column":4},"end":{"line":143,"column":null}},"type":"if","locations":[{"start":{"line":141,"column":4},"end":{"line":143,"column":null}}]}},"s":{"0":1,"1":1,"2":1,"3":1,"4":0,"5":0,"6":0,"7":0,"8":0,"9":0,"10":0,"11":0,"12":0,"13":1,"14":1,"15":0,"16":0,"17":0,"18":0,"19":1,"20":1,"21":0,"22":0,"23":0,"24":0,"25":0,"26":0,"27":0,"28":1,"29":1,"30":0,"31":0,"32":0,"33":0,"34":0,"35":0,"36":0,"37":0,"38":0,"39":0,"40":0,"41":0,"42":1,"43":1,"44":0,"45":0,"46":0,"47":0,"48":0,"49":0,"50":0,"51":1,"52":1,"53":0,"54":0,"55":0,"56":0,"57":0,"58":0,"59":0,"60":0,"61":0,"62":1},"f":{"0":0,"1":0,"2":0,"3":0,"4":0,"5":0},"b":{"0":[0,0],"1":[0,0,0],"2":[0],"3":[0,0,0],"4":[0],"5":[0,0],"6":[0,0,0],"7":[0],"8":[0,0,0],"9":[0],"10":[0],"11":[0],"12":[0]}}
,"C:\\Users\\Maria.Dias.HOMLABNOT001235\\Documents\\Unirio\\PM\\Equipamento\\src\\helpers\\errors.ts": {"path":"C:\\Users\\Maria.Dias.HOMLABNOT001235\\Documents\\Unirio\\PM\\Equipamento\\src\\helpers\\errors.ts","statementMap":{"0":{"start":{"line":5,"column":11},"end":{"line":5,"column":26}},"1":{"start":{"line":6,"column":11},"end":{"line":6,"column":25}},"2":{"start":{"line":7,"column":11},"end":{"line":7,"column":21}},"3":{"start":{"line":3,"column":0},"end":{"line":3,"column":13}},"4":{"start":{"line":11,"column":0},"end":{"line":11,"column":13}},"5":{"start":{"line":12,"column":0},"end":{"line":12,"column":13}}},"fnMap":{"0":{"name":"(anonymous_0)","decl":{"start":{"line":4,"column":2},"end":{"line":4,"column":null}},"loc":{"start":{"line":7,"column":21},"end":{"line":8,"column":6}}}},"branchMap":{},"s":{"0":0,"1":0,"2":0,"3":1,"4":1,"5":1},"f":{"0":0},"b":{}}
,"C:\\Users\\Maria.Dias.HOMLABNOT001235\\Documents\\Unirio\\PM\\Equipamento\\src\\helpers\\responseHelpers.ts": {"path":"C:\\Users\\Maria.Dias.HOMLABNOT001235\\Documents\\Unirio\\PM\\Equipamento\\src\\helpers\\responseHelpers.ts","statementMap":{"0":{"start":{"line":6,"column":0},"end":{"line":6,"column":57}},"1":{"start":{"line":8,"column":18},"end":{"line":12,"column":4}},"2":{"start":{"line":9,"column":2},"end":{"line":12,"column":4}},"3":{"start":{"line":8,"column":13},"end":{"line":8,"column":18}},"4":{"start":{"line":14,"column":23},"end":{"line":18,"column":4}},"5":{"start":{"line":15,"column":2},"end":{"line":18,"column":4}},"6":{"start":{"line":14,"column":13},"end":{"line":14,"column":23}},"7":{"start":{"line":20,"column":21},"end":{"line":24,"column":4}},"8":{"start":{"line":21,"column":2},"end":{"line":24,"column":4}},"9":{"start":{"line":20,"column":13},"end":{"line":20,"column":21}},"10":{"start":{"line":27,"column":26},"end":{"line":31,"column":4}},"11":{"start":{"line":28,"column":2},"end":{"line":31,"column":4}},"12":{"start":{"line":27,"column":13},"end":{"line":27,"column":26}},"13":{"start":{"line":33,"column":23},"end":{"line":37,"column":4}},"14":{"start":{"line":34,"column":2},"end":{"line":37,"column":4}},"15":{"start":{"line":33,"column":13},"end":{"line":33,"column":23}},"16":{"start":{"line":39,"column":28},"end":{"line":46,"column":4}},"17":{"start":{"line":43,"column":2},"end":{"line":46,"column":4}},"18":{"start":{"line":39,"column":13},"end":{"line":39,"column":28}},"19":{"start":{"line":48,"column":24},"end":{"line":52,"column":4}},"20":{"start":{"line":49,"column":2},"end":{"line":52,"column":4}},"21":{"start":{"line":48,"column":13},"end":{"line":48,"column":24}},"22":{"start":{"line":55,"column":27},"end":{"line":76,"column":1}},"23":{"start":{"line":61,"column":2},"end":{"line":63,"column":null}},"24":{"start":{"line":62,"column":4},"end":{"line":62,"column":40}},"25":{"start":{"line":65,"column":2},"end":{"line":67,"column":null}},"26":{"start":{"line":66,"column":4},"end":{"line":66,"column":42}},"27":{"start":{"line":69,"column":2},"end":{"line":75,"column":5}},"28":{"start":{"line":55,"column":13},"end":{"line":55,"column":27}},"29":{"start":{"line":78,"column":29},"end":{"line":85,"column":4}},"30":{"start":{"line":82,"column":2},"end":{"line":85,"column":4}},"31":{"start":{"line":78,"column":13},"end":{"line":78,"column":29}}},"fnMap":{"0":{"name":"(anonymous_0)","decl":{"start":{"line":8,"column":18},"end":{"line":8,"column":19}},"loc":{"start":{"line":9,"column":2},"end":{"line":12,"column":4}}},"1":{"name":"(anonymous_1)","decl":{"start":{"line":14,"column":23},"end":{"line":14,"column":24}},"loc":{"start":{"line":15,"column":2},"end":{"line":18,"column":4}}},"2":{"name":"(anonymous_2)","decl":{"start":{"line":20,"column":21},"end":{"line":20,"column":22}},"loc":{"start":{"line":21,"column":2},"end":{"line":24,"column":4}}},"3":{"name":"(anonymous_3)","decl":{"start":{"line":27,"column":26},"end":{"line":27,"column":27}},"loc":{"start":{"line":28,"column":2},"end":{"line":31,"column":4}}},"4":{"name":"(anonymous_4)","decl":{"start":{"line":33,"column":23},"end":{"line":33,"column":24}},"loc":{"start":{"line":34,"column":2},"end":{"line":37,"column":4}}},"5":{"name":"(anonymous_5)","decl":{"start":{"line":39,"column":28},"end":{"line":39,"column":null}},"loc":{"start":{"line":43,"column":2},"end":{"line":46,"column":4}}},"6":{"name":"(anonymous_6)","decl":{"start":{"line":48,"column":24},"end":{"line":48,"column":25}},"loc":{"start":{"line":49,"column":2},"end":{"line":52,"column":4}}},"7":{"name":"(anonymous_7)","decl":{"start":{"line":55,"column":27},"end":{"line":55,"column":null}},"loc":{"start":{"line":60,"column":14},"end":{"line":76,"column":1}}},"8":{"name":"(anonymous_8)","decl":{"start":{"line":78,"column":29},"end":{"line":78,"column":null}},"loc":{"start":{"line":82,"column":2},"end":{"line":85,"column":4}}}},"branchMap":{"0":{"loc":{"start":{"line":23,"column":13},"end":{"line":23,"column":33}},"type":"binary-expr","locations":[{"start":{"line":23,"column":13},"end":{"line":23,"column":20}},{"start":{"line":23,"column":24},"end":{"line":23,"column":33}}]},"1":{"loc":{"start":{"line":36,"column":13},"end":{"line":36,"column":34}},"type":"binary-expr","locations":[{"start":{"line":36,"column":13},"end":{"line":36,"column":20}},{"start":{"line":36,"column":24},"end":{"line":36,"column":34}}]},"2":{"loc":{"start":{"line":41,"column":2},"end":{"line":41,"column":41}},"type":"default-arg","locations":[{"start":{"line":41,"column":32},"end":{"line":41,"column":41}}]},"3":{"loc":{"start":{"line":45,"column":13},"end":{"line":45,"column":61}},"type":"cond-expr","locations":[{"start":{"line":45,"column":13},"end":{"line":45,"column":20}},{"start":{"line":45,"column":24},"end":{"line":45,"column":61}}]},"4":{"loc":{"start":{"line":45,"column":13},"end":{"line":45,"column":24}},"type":"binary-expr","locations":[{"start":{"line":45,"column":13},"end":{"line":45,"column":24}},{"start":{"line":45,"column":13},"end":{"line":45,"column":24}}]},"5":{"loc":{"start":{"line":51,"column":13},"end":{"line":51,"column":36}},"type":"binary-expr","locations":[{"start":{"line":51,"column":13},"end":{"line":51,"column":20}},{"start":{"line":51,"column":24},"end":{"line":51,"column":36}}]},"6":{"loc":{"start":{"line":58,"column":2},"end":{"line":58,"column":61}},"type":"default-arg","locations":[{"start":{"line":58,"column":16},"end":{"line":58,"column":61}}]},"7":{"loc":{"start":{"line":59,"column":2},"end":{"line":59,"column":19}},"type":"default-arg","locations":[{"start":{"line":59,"column":10},"end":{"line":59,"column":19}}]},"8":{"loc":{"start":{"line":61,"column":2},"end":{"line":63,"column":null}},"type":"if","locations":[{"start":{"line":61,"column":2},"end":{"line":63,"column":null}}]},"9":{"loc":{"start":{"line":65,"column":2},"end":{"line":67,"column":null}},"type":"if","locations":[{"start":{"line":65,"column":2},"end":{"line":67,"column":null}}]},"10":{"loc":{"start":{"line":74,"column":8},"end":{"line":74,"column":19}},"type":"cond-expr","locations":[{"start":{"line":74,"column":8},"end":{"line":74,"column":13}},{"start":{"line":74,"column":17},"end":{"line":74,"column":19}}]},"11":{"loc":{"start":{"line":74,"column":8},"end":{"line":74,"column":17}},"type":"binary-expr","locations":[{"start":{"line":74,"column":8},"end":{"line":74,"column":17}},{"start":{"line":74,"column":8},"end":{"line":74,"column":17}}]}},"s":{"0":1,"1":1,"2":0,"3":1,"4":1,"5":0,"6":1,"7":1,"8":0,"9":1,"10":1,"11":0,"12":1,"13":1,"14":0,"15":1,"16":1,"17":0,"18":1,"19":1,"20":0,"21":1,"22":1,"23":0,"24":0,"25":0,"26":0,"27":0,"28":1,"29":1,"30":0,"31":1},"f":{"0":0,"1":0,"2":0,"3":0,"4":0,"5":0,"6":0,"7":0,"8":0},"b":{"0":[0,0],"1":[0,0],"2":[0],"3":[0,0],"4":[0,0],"5":[0,0],"6":[0],"7":[0],"8":[0],"9":[0],"10":[0,0],"11":[0,0]}}
,"C:\\Users\\Maria.Dias.HOMLABNOT001235\\Documents\\Unirio\\PM\\Equipamento\\src\\models\\Bike.ts": {"path":"C:\\Users\\Maria.Dias.HOMLABNOT001235\\Documents\\Unirio\\PM\\Equipamento\\src\\models\\Bike.ts","statementMap":{"0":{"start":{"line":1,"column":0},"end":{"line":1,"column":13}},"1":{"start":{"line":10,"column":0},"end":{"line":10,"column":null}},"2":{"start":{"line":11,"column":2},"end":{"line":11,"column":null}},"3":{"start":{"line":12,"column":2},"end":{"line":12,"column":null}},"4":{"start":{"line":13,"column":2},"end":{"line":13,"column":null}},"5":{"start":{"line":14,"column":2},"end":{"line":14,"column":null}},"6":{"start":{"line":15,"column":2},"end":{"line":15,"column":null}},"7":{"start":{"line":16,"column":2},"end":{"line":16,"column":null}}},"fnMap":{"0":{"name":"(anonymous_0)","decl":{"start":{"line":10,"column":0},"end":{"line":10,"column":12}},"loc":{"start":{"line":10,"column":22},"end":{"line":17,"column":1}}}},"branchMap":{"0":{"loc":{"start":{"line":10,"column":12},"end":{"line":10,"column":null}},"type":"binary-expr","locations":[{"start":{"line":10,"column":12},"end":{"line":10,"column":22}},{"start":{"line":10,"column":12},"end":{"line":10,"column":null}}]}},"s":{"0":2,"1":2,"2":2,"3":2,"4":2,"5":2,"6":2,"7":2},"f":{"0":2},"b":{"0":[2,2]}}
,"C:\\Users\\Maria.Dias.HOMLABNOT001235\\Documents\\Unirio\\PM\\Equipamento\\src\\models\\Lock.ts": {"path":"C:\\Users\\Maria.Dias.HOMLABNOT001235\\Documents\\Unirio\\PM\\Equipamento\\src\\models\\Lock.ts","statementMap":{"0":{"start":{"line":1,"column":0},"end":{"line":1,"column":13}},"1":{"start":{"line":9,"column":0},"end":{"line":9,"column":null}},"2":{"start":{"line":10,"column":2},"end":{"line":10,"column":null}},"3":{"start":{"line":11,"column":2},"end":{"line":11,"column":null}}},"fnMap":{"0":{"name":"(anonymous_0)","decl":{"start":{"line":9,"column":0},"end":{"line":9,"column":12}},"loc":{"start":{"line":9,"column":22},"end":{"line":12,"column":1}}}},"branchMap":{"0":{"loc":{"start":{"line":9,"column":12},"end":{"line":9,"column":null}},"type":"binary-expr","locations":[{"start":{"line":9,"column":12},"end":{"line":9,"column":22}},{"start":{"line":9,"column":12},"end":{"line":9,"column":null}}]}},"s":{"0":1,"1":1,"2":1,"3":1},"f":{"0":1},"b":{"0":[1,1]}}
,"C:\\Users\\Maria.Dias.HOMLABNOT001235\\Documents\\Unirio\\PM\\Equipamento\\src\\routes\\bike.route.ts": {"path":"C:\\Users\\Maria.Dias.HOMLABNOT001235\\Documents\\Unirio\\PM\\Equipamento\\src\\routes\\bike.route.ts","statementMap":{"0":{"start":{"line":2,"column":0},"end":{"line":2,"column":33}},"1":{"start":{"line":4,"column":0},"end":{"line":4,"column":null}},"2":{"start":{"line":13,"column":19},"end":{"line":13,"column":27}},"3":{"start":{"line":15,"column":0},"end":{"line":15,"column":55}},"4":{"start":{"line":17,"column":0},"end":{"line":20,"column":27}},"5":{"start":{"line":22,"column":0},"end":{"line":22,"column":51}},"6":{"start":{"line":24,"column":0},"end":{"line":24,"column":26}}},"fnMap":{},"branchMap":{},"s":{"0":1,"1":1,"2":1,"3":1,"4":1,"5":1,"6":1},"f":{},"b":{}}
,"C:\\Users\\Maria.Dias.HOMLABNOT001235\\Documents\\Unirio\\PM\\Equipamento\\src\\routes\\index.ts": {"path":"C:\\Users\\Maria.Dias.HOMLABNOT001235\\Documents\\Unirio\\PM\\Equipamento\\src\\routes\\index.ts","statementMap":{"0":{"start":{"line":1,"column":0},"end":{"line":1,"column":33}},"1":{"start":{"line":3,"column":0},"end":{"line":3,"column":38}},"2":{"start":{"line":4,"column":0},"end":{"line":4,"column":38}},"3":{"start":{"line":5,"column":0},"end":{"line":5,"column":40}},"4":{"start":{"line":7,"column":15},"end":{"line":7,"column":23}},"5":{"start":{"line":13,"column":9},"end":{"line":13,"column":15}},"6":{"start":{"line":9,"column":0},"end":{"line":9,"column":34}},"7":{"start":{"line":10,"column":0},"end":{"line":10,"column":37}},"8":{"start":{"line":11,"column":0},"end":{"line":11,"column":34}}},"fnMap":{},"branchMap":{},"s":{"0":1,"1":1,"2":1,"3":1,"4":1,"5":1,"6":1,"7":1,"8":1},"f":{},"b":{}}
,"C:\\Users\\Maria.Dias.HOMLABNOT001235\\Documents\\Unirio\\PM\\Equipamento\\src\\routes\\lock.route.ts": {"path":"C:\\Users\\Maria.Dias.HOMLABNOT001235\\Documents\\Unirio\\PM\\Equipamento\\src\\routes\\lock.route.ts","statementMap":{"0":{"start":{"line":2,"column":0},"end":{"line":2,"column":33}},"1":{"start":{"line":4,"column":0},"end":{"line":4,"column":null}},"2":{"start":{"line":13,"column":15},"end":{"line":13,"column":23}},"3":{"start":{"line":15,"column":0},"end":{"line":15,"column":52}},"4":{"start":{"line":17,"column":0},"end":{"line":17,"column":71}},"5":{"start":{"line":19,"column":0},"end":{"line":19,"column":57}},"6":{"start":{"line":21,"column":19},"end":{"line":21,"column":25}},"7":{"start":{"line":22,"column":0},"end":{"line":22,"column":26}}},"fnMap":{},"branchMap":{},"s":{"0":1,"1":1,"2":1,"3":1,"4":1,"5":1,"6":1,"7":1},"f":{},"b":{}}
,"C:\\Users\\Maria.Dias.HOMLABNOT001235\\Documents\\Unirio\\PM\\Equipamento\\src\\routes\\totem.route.ts": {"path":"C:\\Users\\Maria.Dias.HOMLABNOT001235\\Documents\\Unirio\\PM\\Equipamento\\src\\routes\\totem.route.ts","statementMap":{"0":{"start":{"line":1,"column":0},"end":{"line":1,"column":33}},"1":{"start":{"line":3,"column":15},"end":{"line":3,"column":23}},"2":{"start":{"line":5,"column":0},"end":{"line":5,"column":24}},"3":{"start":{"line":7,"column":20},"end":{"line":7,"column":26}},"4":{"start":{"line":8,"column":0},"end":{"line":8,"column":27}}},"fnMap":{},"branchMap":{},"s":{"0":1,"1":1,"2":1,"3":1,"4":1},"f":{},"b":{}}
,"C:\\Users\\Maria.Dias.HOMLABNOT001235\\Documents\\Unirio\\PM\\Equipamento\\src\\services\\bike.service.ts": {"path":"C:\\Users\\Maria.Dias.HOMLABNOT001235\\Documents\\Unirio\\PM\\Equipamento\\src\\services\\bike.service.ts","statementMap":{"0":{"start":{"line":3,"column":0},"end":{"line":3,"column":28}},"1":{"start":{"line":4,"column":0},"end":{"line":4,"column":34}},"2":{"start":{"line":6,"column":26},"end":{"line":31,"column":1}},"3":{"start":{"line":12,"column":2},"end":{"line":30,"column":null}},"4":{"start":{"line":13,"column":22},"end":{"line":13,"column":28}},"5":{"start":{"line":15,"column":4},"end":{"line":22,"column":7}},"6":{"start":{"line":24,"column":29},"end":{"line":24,"column":67}},"7":{"start":{"line":25,"column":24},"end":{"line":25,"column":71}},"8":{"start":{"line":27,"column":4},"end":{"line":27,"column":23}},"9":{"start":{"line":29,"column":4},"end":{"line":29,"column":32}},"10":{"start":{"line":6,"column":13},"end":{"line":6,"column":26}},"11":{"start":{"line":33,"column":24},"end":{"line":41,"column":1}},"12":{"start":{"line":34,"column":2},"end":{"line":40,"column":null}},"13":{"start":{"line":35,"column":21},"end":{"line":35,"column":47}},"14":{"start":{"line":37,"column":4},"end":{"line":37,"column":20}},"15":{"start":{"line":39,"column":4},"end":{"line":39,"column":32}},"16":{"start":{"line":33,"column":13},"end":{"line":33,"column":24}},"17":{"start":{"line":43,"column":23},"end":{"line":54,"column":1}},"18":{"start":{"line":44,"column":2},"end":{"line":53,"column":null}},"19":{"start":{"line":45,"column":22},"end":{"line":45,"column":53}},"20":{"start":{"line":46,"column":4},"end":{"line":48,"column":null}},"21":{"start":{"line":47,"column":6},"end":{"line":47,"column":16}},"22":{"start":{"line":49,"column":17},"end":{"line":49,"column":57}},"23":{"start":{"line":50,"column":4},"end":{"line":50,"column":16}},"24":{"start":{"line":52,"column":4},"end":{"line":52,"column":32}},"25":{"start":{"line":43,"column":13},"end":{"line":43,"column":23}},"26":{"start":{"line":56,"column":26},"end":{"line":70,"column":1}},"27":{"start":{"line":57,"column":2},"end":{"line":69,"column":null}},"28":{"start":{"line":58,"column":22},"end":{"line":58,"column":53}},"29":{"start":{"line":60,"column":4},"end":{"line":62,"column":null}},"30":{"start":{"line":61,"column":6},"end":{"line":61,"column":16}},"31":{"start":{"line":64,"column":17},"end":{"line":64,"column":79}},"32":{"start":{"line":66,"column":4},"end":{"line":66,"column":16}},"33":{"start":{"line":68,"column":4},"end":{"line":68,"column":32}},"34":{"start":{"line":56,"column":13},"end":{"line":56,"column":26}},"35":{"start":{"line":72,"column":27},"end":{"line":103,"column":1}},"36":{"start":{"line":79,"column":2},"end":{"line":102,"column":null}},"37":{"start":{"line":80,"column":22},"end":{"line":80,"column":53}},"38":{"start":{"line":82,"column":4},"end":{"line":84,"column":null}},"39":{"start":{"line":83,"column":6},"end":{"line":83,"column":16}},"40":{"start":{"line":86,"column":21},"end":{"line":86,"column":26}},"41":{"start":{"line":87,"column":4},"end":{"line":87,"column":64}},"42":{"start":{"line":89,"column":21},"end":{"line":89,"column":26}},"43":{"start":{"line":90,"column":4},"end":{"line":90,"column":64}},"44":{"start":{"line":92,"column":20},"end":{"line":92,"column":24}},"45":{"start":{"line":93,"column":4},"end":{"line":93,"column":62}},"46":{"start":{"line":95,"column":28},"end":{"line":95,"column":40}},"47":{"start":{"line":96,"column":4},"end":{"line":96,"column":78}},"48":{"start":{"line":98,"column":17},"end":{"line":98,"column":57}},"49":{"start":{"line":99,"column":4},"end":{"line":99,"column":16}},"50":{"start":{"line":101,"column":4},"end":{"line":101,"column":32}},"51":{"start":{"line":72,"column":13},"end":{"line":72,"column":27}},"52":{"start":{"line":105,"column":32},"end":{"line":124,"column":1}},"53":{"start":{"line":109,"column":2},"end":{"line":123,"column":null}},"54":{"start":{"line":110,"column":22},"end":{"line":110,"column":53}},"55":{"start":{"line":112,"column":4},"end":{"line":114,"column":null}},"56":{"start":{"line":113,"column":6},"end":{"line":113,"column":16}},"57":{"start":{"line":116,"column":22},"end":{"line":116,"column":26}},"58":{"start":{"line":117,"column":4},"end":{"line":117,"column":66}},"59":{"start":{"line":119,"column":17},"end":{"line":119,"column":57}},"60":{"start":{"line":120,"column":4},"end":{"line":120,"column":16}},"61":{"start":{"line":122,"column":4},"end":{"line":122,"column":32}},"62":{"start":{"line":105,"column":13},"end":{"line":105,"column":32}}},"fnMap":{"0":{"name":"(anonymous_0)","decl":{"start":{"line":6,"column":26},"end":{"line":6,"column":31}},"loc":{"start":{"line":11,"column":25},"end":{"line":31,"column":1}}},"1":{"name":"(anonymous_1)","decl":{"start":{"line":33,"column":24},"end":{"line":33,"column":29}},"loc":{"start":{"line":33,"column":56},"end":{"line":41,"column":1}}},"2":{"name":"(anonymous_2)","decl":{"start":{"line":43,"column":23},"end":{"line":43,"column":28}},"loc":{"start":{"line":43,"column":65},"end":{"line":54,"column":1}}},"3":{"name":"(anonymous_3)","decl":{"start":{"line":56,"column":26},"end":{"line":56,"column":31}},"loc":{"start":{"line":56,"column":68},"end":{"line":70,"column":1}}},"4":{"name":"(anonymous_4)","decl":{"start":{"line":72,"column":27},"end":{"line":72,"column":32}},"loc":{"start":{"line":78,"column":25},"end":{"line":103,"column":1}}},"5":{"name":"(anonymous_5)","decl":{"start":{"line":105,"column":32},"end":{"line":105,"column":37}},"loc":{"start":{"line":108,"column":25},"end":{"line":124,"column":1}}}},"branchMap":{"0":{"loc":{"start":{"line":46,"column":4},"end":{"line":48,"column":null}},"type":"if","locations":[{"start":{"line":46,"column":4},"end":{"line":48,"column":null}}]},"1":{"loc":{"start":{"line":60,"column":4},"end":{"line":62,"column":null}},"type":"if","locations":[{"start":{"line":60,"column":4},"end":{"line":62,"column":null}}]},"2":{"loc":{"start":{"line":82,"column":4},"end":{"line":84,"column":null}},"type":"if","locations":[{"start":{"line":82,"column":4},"end":{"line":84,"column":null}}]},"3":{"loc":{"start":{"line":112,"column":4},"end":{"line":114,"column":null}},"type":"if","locations":[{"start":{"line":112,"column":4},"end":{"line":114,"column":null}}]}},"s":{"0":1,"1":1,"2":1,"3":0,"4":0,"5":0,"6":0,"7":0,"8":0,"9":0,"10":1,"11":1,"12":0,"13":0,"14":0,"15":0,"16":1,"17":1,"18":0,"19":0,"20":0,"21":0,"22":0,"23":0,"24":0,"25":1,"26":1,"27":0,"28":0,"29":0,"30":0,"31":0,"32":0,"33":0,"34":1,"35":1,"36":0,"37":0,"38":0,"39":0,"40":0,"41":0,"42":0,"43":0,"44":0,"45":0,"46":0,"47":0,"48":0,"49":0,"50":0,"51":1,"52":1,"53":0,"54":0,"55":0,"56":0,"57":0,"58":0,"59":0,"60":0,"61":0,"62":1},"f":{"0":0,"1":0,"2":0,"3":0,"4":0,"5":0},"b":{"0":[0],"1":[0],"2":[0],"3":[0]}}
,"C:\\Users\\Maria.Dias.HOMLABNOT001235\\Documents\\Unirio\\PM\\Equipamento\\src\\services\\lock.service.ts": {"path":"C:\\Users\\Maria.Dias.HOMLABNOT001235\\Documents\\Unirio\\PM\\Equipamento\\src\\services\\lock.service.ts","statementMap":{"0":{"start":{"line":1,"column":0},"end":{"line":1,"column":28}},"1":{"start":{"line":2,"column":0},"end":{"line":2,"column":34}},"2":{"start":{"line":4,"column":26},"end":{"line":28,"column":1}},"3":{"start":{"line":9,"column":2},"end":{"line":27,"column":null}},"4":{"start":{"line":10,"column":22},"end":{"line":10,"column":28}},"5":{"start":{"line":12,"column":4},"end":{"line":19,"column":7}},"6":{"start":{"line":21,"column":29},"end":{"line":21,"column":67}},"7":{"start":{"line":22,"column":24},"end":{"line":22,"column":71}},"8":{"start":{"line":24,"column":4},"end":{"line":24,"column":23}},"9":{"start":{"line":26,"column":4},"end":{"line":26,"column":32}},"10":{"start":{"line":4,"column":13},"end":{"line":4,"column":26}},"11":{"start":{"line":30,"column":24},"end":{"line":38,"column":1}},"12":{"start":{"line":31,"column":2},"end":{"line":37,"column":null}},"13":{"start":{"line":32,"column":21},"end":{"line":32,"column":47}},"14":{"start":{"line":34,"column":4},"end":{"line":34,"column":20}},"15":{"start":{"line":36,"column":4},"end":{"line":36,"column":32}},"16":{"start":{"line":30,"column":13},"end":{"line":30,"column":24}},"17":{"start":{"line":40,"column":23},"end":{"line":51,"column":1}},"18":{"start":{"line":41,"column":2},"end":{"line":50,"column":null}},"19":{"start":{"line":42,"column":22},"end":{"line":42,"column":53}},"20":{"start":{"line":43,"column":4},"end":{"line":45,"column":null}},"21":{"start":{"line":44,"column":6},"end":{"line":44,"column":16}},"22":{"start":{"line":46,"column":17},"end":{"line":46,"column":57}},"23":{"start":{"line":47,"column":4},"end":{"line":47,"column":16}},"24":{"start":{"line":49,"column":4},"end":{"line":49,"column":32}},"25":{"start":{"line":40,"column":13},"end":{"line":40,"column":23}},"26":{"start":{"line":53,"column":27},"end":{"line":80,"column":1}},"27":{"start":{"line":59,"column":2},"end":{"line":79,"column":null}},"28":{"start":{"line":60,"column":22},"end":{"line":60,"column":53}},"29":{"start":{"line":62,"column":4},"end":{"line":64,"column":null}},"30":{"start":{"line":63,"column":6},"end":{"line":63,"column":16}},"31":{"start":{"line":66,"column":20},"end":{"line":66,"column":24}},"32":{"start":{"line":67,"column":4},"end":{"line":67,"column":62}},"33":{"start":{"line":69,"column":21},"end":{"line":69,"column":26}},"34":{"start":{"line":70,"column":4},"end":{"line":70,"column":64}},"35":{"start":{"line":72,"column":28},"end":{"line":72,"column":40}},"36":{"start":{"line":73,"column":4},"end":{"line":73,"column":78}},"37":{"start":{"line":75,"column":17},"end":{"line":75,"column":57}},"38":{"start":{"line":76,"column":4},"end":{"line":76,"column":16}},"39":{"start":{"line":78,"column":4},"end":{"line":78,"column":32}},"40":{"start":{"line":53,"column":13},"end":{"line":53,"column":27}},"41":{"start":{"line":82,"column":26},"end":{"line":96,"column":1}},"42":{"start":{"line":83,"column":2},"end":{"line":95,"column":null}},"43":{"start":{"line":84,"column":22},"end":{"line":84,"column":53}},"44":{"start":{"line":86,"column":4},"end":{"line":88,"column":null}},"45":{"start":{"line":87,"column":6},"end":{"line":87,"column":16}},"46":{"start":{"line":90,"column":17},"end":{"line":90,"column":79}},"47":{"start":{"line":92,"column":4},"end":{"line":92,"column":16}},"48":{"start":{"line":94,"column":4},"end":{"line":94,"column":32}},"49":{"start":{"line":82,"column":13},"end":{"line":82,"column":26}},"50":{"start":{"line":98,"column":32},"end":{"line":117,"column":1}},"51":{"start":{"line":102,"column":2},"end":{"line":116,"column":null}},"52":{"start":{"line":103,"column":22},"end":{"line":103,"column":53}},"53":{"start":{"line":105,"column":4},"end":{"line":107,"column":null}},"54":{"start":{"line":106,"column":6},"end":{"line":106,"column":16}},"55":{"start":{"line":109,"column":22},"end":{"line":109,"column":26}},"56":{"start":{"line":110,"column":4},"end":{"line":110,"column":66}},"57":{"start":{"line":112,"column":17},"end":{"line":112,"column":57}},"58":{"start":{"line":113,"column":4},"end":{"line":113,"column":16}},"59":{"start":{"line":115,"column":4},"end":{"line":115,"column":32}},"60":{"start":{"line":98,"column":13},"end":{"line":98,"column":32}}},"fnMap":{"0":{"name":"(anonymous_0)","decl":{"start":{"line":4,"column":26},"end":{"line":4,"column":31}},"loc":{"start":{"line":8,"column":25},"end":{"line":28,"column":1}}},"1":{"name":"(anonymous_1)","decl":{"start":{"line":30,"column":24},"end":{"line":30,"column":29}},"loc":{"start":{"line":30,"column":56},"end":{"line":38,"column":1}}},"2":{"name":"(anonymous_2)","decl":{"start":{"line":40,"column":23},"end":{"line":40,"column":28}},"loc":{"start":{"line":40,"column":65},"end":{"line":51,"column":1}}},"3":{"name":"(anonymous_3)","decl":{"start":{"line":53,"column":27},"end":{"line":53,"column":32}},"loc":{"start":{"line":58,"column":25},"end":{"line":80,"column":1}}},"4":{"name":"(anonymous_4)","decl":{"start":{"line":82,"column":26},"end":{"line":82,"column":31}},"loc":{"start":{"line":82,"column":68},"end":{"line":96,"column":1}}},"5":{"name":"(anonymous_5)","decl":{"start":{"line":98,"column":32},"end":{"line":98,"column":37}},"loc":{"start":{"line":101,"column":25},"end":{"line":117,"column":1}}}},"branchMap":{"0":{"loc":{"start":{"line":43,"column":4},"end":{"line":45,"column":null}},"type":"if","locations":[{"start":{"line":43,"column":4},"end":{"line":45,"column":null}}]},"1":{"loc":{"start":{"line":62,"column":4},"end":{"line":64,"column":null}},"type":"if","locations":[{"start":{"line":62,"column":4},"end":{"line":64,"column":null}}]},"2":{"loc":{"start":{"line":86,"column":4},"end":{"line":88,"column":null}},"type":"if","locations":[{"start":{"line":86,"column":4},"end":{"line":88,"column":null}}]},"3":{"loc":{"start":{"line":105,"column":4},"end":{"line":107,"column":null}},"type":"if","locations":[{"start":{"line":105,"column":4},"end":{"line":107,"column":null}}]}},"s":{"0":1,"1":1,"2":1,"3":0,"4":0,"5":0,"6":0,"7":0,"8":0,"9":0,"10":1,"11":1,"12":0,"13":0,"14":0,"15":0,"16":1,"17":1,"18":0,"19":0,"20":0,"21":0,"22":0,"23":0,"24":0,"25":1,"26":1,"27":0,"28":0,"29":0,"30":0,"31":0,"32":0,"33":0,"34":0,"35":0,"36":0,"37":0,"38":0,"39":0,"40":1,"41":1,"42":0,"43":0,"44":0,"45":0,"46":0,"47":0,"48":0,"49":1,"50":1,"51":0,"52":0,"53":0,"54":0,"55":0,"56":0,"57":0,"58":0,"59":0,"60":1},"f":{"0":0,"1":0,"2":0,"3":0,"4":0,"5":0},"b":{"0":[0],"1":[0],"2":[0],"3":[0]}}
}
